#
# There is insufficient memory for the Java Runtime Environment to continue.
# Native memory allocation (malloc) failed to allocate 32744 bytes for ChunkPool::allocate
# Possible reasons:
#   The system is out of physical RAM or swap space
#   The process is running with CompressedOops enabled, and the Java Heap may be blocking the growth of the native heap
# Possible solutions:
#   Reduce memory load on the system
#   Increase physical memory or swap space
#   Check if swap backing store is full
#   Decrease Java heap size (-Xmx/-Xms)
#   Decrease number of Java threads
#   Decrease Java thread stack sizes (-Xss)
#   Set larger code cache with -XX:ReservedCodeCacheSize=
#   JVM is running with Zero Based Compressed Oops mode in which the Java heap is
#     placed in the first 32GB address space. The Java Heap base address is the
#     maximum limit for the native heap growth. Please use -XX:HeapBaseMinAddress
#     to set the Java Heap base and to place the Java Heap above 32GB virtual address.
# This output file may be truncated or incomplete.
#
#  Out of Memory Error (./open/src/hotspot/share/memory/arena.cpp:81), pid=50060, tid=26708
#
# JRE version: Java(TM) SE Runtime Environment 18.9 (11.0.15+8) (build 11.0.15+8-LTS-149)
# Java VM: Java HotSpot(TM) 64-Bit Server VM 18.9 (11.0.15+8-LTS-149, mixed mode, tiered, compressed oops, g1 gc, windows-amd64)
# No core dump will be written. Minidumps are not enabled by default on client versions of Windows
#

---------------  S U M M A R Y ------------

Command Line: -XX:TieredStopAtLevel=1 -Xverify:none -Dspring.output.ansi.enabled=always -Dcom.sun.management.jmxremote -Dspring.jmx.enabled=true -Dspring.liveBeansView.mbeanDomain -Dspring.application.admin.enabled=true -javaagent:D:\Program Files (x86)\Web2020\ideaIU-2020.2.1\ideaIU-2020.2.1\lib\idea_rt.jar=65076:D:\Program Files (x86)\Web2020\ideaIU-2020.2.1\ideaIU-2020.2.1\bin -Dfile.encoding=UTF-8 com.grouptwo.isrp.IsrpUserApplication

Host: Intel(R) Core(TM) i5-9300H CPU @ 2.40GHz, 8 cores, 15G,  Windows 10 , 64 bit Build 19041 (10.0.19041.1741)
Time: Wed Jun 29 19:13:45 2022 中国标准时间 elapsed time: 27417.013268 seconds (0d 7h 36m 57s)

---------------  T H R E A D  ---------------

Current thread (0x000001b2e27a7000):  VMThread "VM Thread" [stack: 0x000000b044b00000,0x000000b044c00000] [id=26708] _threads_hazard_ptr=0x000001b2812835c0

Stack: [0x000000b044b00000,0x000000b044c00000]
[error occurred during error reporting (printing stack bounds), id 0xc0000005, EXCEPTION_ACCESS_VIOLATION (0xc0000005) at pc=0x000001b2c7170f2d]

Native frames: (J=compiled Java code, j=interpreted, Vv=VM code, C=native code)
V  [jvm.dll+0x629d8a]
V  [jvm.dll+0x7638ff]
V  [jvm.dll+0x764fa9]
V  [jvm.dll+0x765595]
V  [jvm.dll+0x76554b]
V  [jvm.dll+0x629273]
V  [jvm.dll+0x629988]
C  [ntdll.dll+0xa209f]
C  [ntdll.dll+0x51454]
C  [ntdll.dll+0xa0bce]
C  0x000001b2c7170f2d

VM_Operation (0x000000b04a2fdb50): BulkRevokeBias, mode: safepoint, requested by thread 0x000001b2e9465800


---------------  P R O C E S S  ---------------

Threads class SMR info:
_java_thread_list=0x000001b2812835c0, length=95, elements={
0x000001b2e27ab000, 0x000001b2e27b4800, 0x000001b2e30c6800, 0x000001b2e30c8800,
0x000001b2e30ca800, 0x000001b2e30dc000, 0x000001b2e30df000, 0x000001b2e3040800,
0x000001b2e3a50800, 0x000001b2e3bba800, 0x000001b2e46f3800, 0x000001b2e4300000,
0x000001b2e4301000, 0x000001b2e4301800, 0x000001b2e4302800, 0x000001b2e4303800,
0x000001b2e4305000, 0x000001b2e4306000, 0x000001b2e42ff800, 0x000001b2e74fc000,
0x000001b2e74fb000, 0x000001b2e7502800, 0x000001b2e7501800, 0x000001b2e7500000,
0x000001b2e74fe800, 0x000001b2e74ff000, 0x000001b2e74fc800, 0x000001b2e7501000,
0x000001b2e7503800, 0x000001b2e74fd800, 0x000001b2e7504000, 0x000001b2e7505000,
0x000001b2e7509000, 0x000001b2e7506800, 0x000001b2e7505800, 0x000001b2e7507800,
0x000001b2e7508000, 0x000001b2e4304000, 0x000001b2e8f82000, 0x000001b2e8f85000,
0x000001b2e8f86000, 0x000001b2e8f80800, 0x000001b2e8f87000, 0x000001b2e8f83800,
0x000001b2e8f81000, 0x000001b2e8f82800, 0x000001b2e8f84800, 0x000001b2e901b800,
0x000001b2e901a800, 0x000001b2e901c800, 0x000001b2e901d000, 0x000001b2e9019000,
0x000001b2e901e000, 0x000001b2e9018800, 0x000001b2e901f800, 0x000001b2e901a000,
0x000001b2e9023000, 0x000001b2e9023800, 0x000001b2e9025800, 0x000001b2e9020800,
0x000001b2e9021800, 0x000001b2e9024800, 0x000001b2e9026000, 0x000001b2e9027000,
0x000001b2e9022000, 0x000001b2e74fa800, 0x000001b2e9469800, 0x000001b2e9465800,
0x000001b2e946c800, 0x000001b2e946d800, 0x000001b2e946a800, 0x000001b2e9474000,
0x000001b2e9473000, 0x000001b2e9470000, 0x000001b2e9471000, 0x000001b2e9471800,
0x000001b2e9472800, 0x000001b2e91a9000, 0x000001b2e91aa000, 0x000001b2e91a4800,
0x000001b2e91a6800, 0x000001b2e91ab000, 0x000001b2e91a8800, 0x000001b2e91a5000,
0x000001b2e91af000, 0x000001b2e91af800, 0x000001b2e91b0800, 0x000001b2e91ac800,
0x000001b2e91a7800, 0x000001b2e91b2000, 0x000001b2e946c000, 0x000001b2e946b000,
0x000001b2e9468000, 0x000001b2e946f000, 0x000001b2e91ab800
}

Java Threads: ( => current thread )
  0x000001b2e27ab000 JavaThread "Reference Handler" daemon [_thread_blocked, id=30088, stack(0x000000b044c00000,0x000000b044d00000)]
  0x000001b2e27b4800 JavaThread "Finalizer" daemon [_thread_blocked, id=47996, stack(0x000000b044d00000,0x000000b044e00000)]
  0x000001b2e30c6800 JavaThread "Signal Dispatcher" daemon [_thread_blocked, id=21388, stack(0x000000b044e00000,0x000000b044f00000)]
  0x000001b2e30c8800 JavaThread "Attach Listener" daemon [_thread_blocked, id=39052, stack(0x000000b044f00000,0x000000b045000000)]
  0x000001b2e30ca800 JavaThread "Service Thread" daemon [_thread_blocked, id=38852, stack(0x000000b045000000,0x000000b045100000)]
  0x000001b2e30dc000 JavaThread "C1 CompilerThread0" daemon [_thread_blocked, id=51656, stack(0x000000b045100000,0x000000b045200000)]
  0x000001b2e30df000 JavaThread "Sweeper thread" daemon [_thread_blocked, id=45640, stack(0x000000b045200000,0x000000b045300000)]
  0x000001b2e3040800 JavaThread "Common-Cleaner" daemon [_thread_blocked, id=40404, stack(0x000000b045300000,0x000000b045400000)]
  0x000001b2e3a50800 JavaThread "Monitor Ctrl-Break" daemon [_thread_in_native, id=50992, stack(0x000000b045400000,0x000000b045500000)]
  0x000001b2e3bba800 JavaThread "RMI TCP Accept-0" daemon [_thread_in_native, id=51328, stack(0x000000b045500000,0x000000b045600000)]
  0x000001b2e46f3800 JavaThread "RMI Scheduler(0)" daemon [_thread_blocked, id=22604, stack(0x000000b046000000,0x000000b046100000)]
  0x000001b2e4300000 JavaThread "logback-2" daemon [_thread_blocked, id=46712, stack(0x000000b046200000,0x000000b046300000)]
  0x000001b2e4301000 JavaThread "mysql-cj-abandoned-connection-cleanup" daemon [_thread_blocked, id=33460, stack(0x000000b046100000,0x000000b046200000)]
  0x000001b2e4301800 JavaThread "FeignApacheHttpClientConfiguration.connectionManagerTimer" daemon [_thread_blocked, id=50860, stack(0x000000b046700000,0x000000b046800000)]
  0x000001b2e4302800 JavaThread "Catalina-utility-1" [_thread_blocked, id=42028, stack(0x000000b046800000,0x000000b046900000)]
  0x000001b2e4303800 JavaThread "Catalina-utility-2" [_thread_blocked, id=9456, stack(0x000000b046900000,0x000000b046a00000)]
  0x000001b2e4305000 JavaThread "container-0" [_thread_blocked, id=15016, stack(0x000000b046a00000,0x000000b046b00000)]
  0x000001b2e4306000 JavaThread "Live Reload Server" daemon [_thread_in_native, id=45212, stack(0x000000b046c00000,0x000000b046d00000)]
  0x000001b2e42ff800 JavaThread "HikariPool-1 housekeeper" daemon [_thread_blocked, id=47924, stack(0x000000b046d00000,0x000000b046e00000)]
  0x000001b2e74fc000 JavaThread "commons-pool-evictor-thread" daemon [_thread_blocked, id=50068, stack(0x000000b046f00000,0x000000b047000000)]
  0x000001b2e74fb000 JavaThread "Thread-9" daemon [_thread_in_native, id=48448, stack(0x000000b047000000,0x000000b047100000)]
  0x000001b2e7502800 JavaThread "redisson-netty-2-1" [_thread_in_native, id=49508, stack(0x000000b046300000,0x000000b046400000)]
  0x000001b2e7501800 JavaThread "redisson-netty-2-2" [_thread_in_native, id=6540, stack(0x000000b047100000,0x000000b047200000)]
  0x000001b2e7500000 JavaThread "redisson-netty-2-3" [_thread_in_native, id=51888, stack(0x000000b047200000,0x000000b047300000)]
  0x000001b2e74fe800 JavaThread "redisson-netty-2-4" [_thread_in_native, id=49468, stack(0x000000b047300000,0x000000b047400000)]
  0x000001b2e74ff000 JavaThread "redisson-netty-2-5" [_thread_in_native, id=33192, stack(0x000000b047400000,0x000000b047500000)]
  0x000001b2e74fc800 JavaThread "redisson-netty-2-6" [_thread_in_native, id=9304, stack(0x000000b047500000,0x000000b047600000)]
  0x000001b2e7501000 JavaThread "redisson-netty-2-7" [_thread_in_native, id=43440, stack(0x000000b047600000,0x000000b047700000)]
  0x000001b2e7503800 JavaThread "redisson-netty-2-8" [_thread_in_native, id=84, stack(0x000000b047700000,0x000000b047800000)]
  0x000001b2e74fd800 JavaThread "redisson-netty-2-9" [_thread_in_native, id=17688, stack(0x000000b047800000,0x000000b047900000)]
  0x000001b2e7504000 JavaThread "redisson-netty-2-10" [_thread_in_native, id=49572, stack(0x000000b047900000,0x000000b047a00000)]
  0x000001b2e7505000 JavaThread "redisson-netty-2-11" [_thread_in_native, id=49356, stack(0x000000b047a00000,0x000000b047b00000)]
  0x000001b2e7509000 JavaThread "redisson-netty-2-12" [_thread_in_native, id=49108, stack(0x000000b047b00000,0x000000b047c00000)]
  0x000001b2e7506800 JavaThread "redisson-netty-2-13" [_thread_in_native, id=49068, stack(0x000000b047c00000,0x000000b047d00000)]
  0x000001b2e7505800 JavaThread "redisson-timer-4-1" [_thread_blocked, id=4708, stack(0x000000b047d00000,0x000000b047e00000)]
  0x000001b2e7507800 JavaThread "redisson-netty-2-14" [_thread_in_native, id=49680, stack(0x000000b047e00000,0x000000b047f00000)]
  0x000001b2e7508000 JavaThread "redisson-netty-2-15" [_thread_in_native, id=51696, stack(0x000000b047f00000,0x000000b048000000)]
  0x000001b2e4304000 JavaThread "redisson-netty-2-16" [_thread_in_native, id=48072, stack(0x000000b048000000,0x000000b048100000)]
  0x000001b2e8f82000 JavaThread "redisson-netty-2-17" [_thread_in_native, id=11160, stack(0x000000b048100000,0x000000b048200000)]
  0x000001b2e8f85000 JavaThread "redisson-netty-2-18" [_thread_in_native, id=26800, stack(0x000000b048200000,0x000000b048300000)]
  0x000001b2e8f86000 JavaThread "redisson-netty-2-19" [_thread_in_native, id=48444, stack(0x000000b048300000,0x000000b048400000)]
  0x000001b2e8f80800 JavaThread "redisson-netty-2-20" [_thread_in_native, id=7268, stack(0x000000b048400000,0x000000b048500000)]
  0x000001b2e8f87000 JavaThread "redisson-netty-2-21" [_thread_in_native, id=43700, stack(0x000000b048500000,0x000000b048600000)]
  0x000001b2e8f83800 JavaThread "redisson-netty-2-22" [_thread_in_native, id=18084, stack(0x000000b048600000,0x000000b048700000)]
  0x000001b2e8f81000 JavaThread "redisson-netty-2-23" [_thread_in_native, id=50504, stack(0x000000b048700000,0x000000b048800000)]
  0x000001b2e8f82800 JavaThread "redisson-netty-2-24" [_thread_in_native, id=51684, stack(0x000000b048800000,0x000000b048900000)]
  0x000001b2e8f84800 JavaThread "redisson-netty-2-25" [_thread_in_native, id=51276, stack(0x000000b048900000,0x000000b048a00000)]
  0x000001b2e901b800 JavaThread "redisson-netty-2-26" [_thread_in_native, id=14256, stack(0x000000b048a00000,0x000000b048b00000)]
  0x000001b2e901a800 JavaThread "redisson-netty-2-27" [_thread_in_native, id=48436, stack(0x000000b048b00000,0x000000b048c00000)]
  0x000001b2e901c800 JavaThread "redisson-netty-2-28" [_thread_in_native, id=17456, stack(0x000000b048c00000,0x000000b048d00000)]
  0x000001b2e901d000 JavaThread "redisson-netty-2-29" [_thread_in_native, id=17876, stack(0x000000b048d00000,0x000000b048e00000)]
  0x000001b2e9019000 JavaThread "redisson-netty-2-30" [_thread_in_native, id=14468, stack(0x000000b048e00000,0x000000b048f00000)]
  0x000001b2e901e000 JavaThread "redisson-netty-2-31" [_thread_in_native, id=26704, stack(0x000000b048f00000,0x000000b049000000)]
  0x000001b2e9018800 JavaThread "redisson-netty-2-32" [_thread_in_native, id=49656, stack(0x000000b049000000,0x000000b049100000)]
  0x000001b2e901f800 JavaThread "pollingConfigurationSource" daemon [_thread_blocked, id=49540, stack(0x000000b049100000,0x000000b049200000)]
  0x000001b2e901a000 JavaThread "spring.cloud.inetutils" daemon [_thread_blocked, id=14960, stack(0x000000b046e00000,0x000000b046f00000)]
  0x000001b2e9023000 JavaThread "File Watcher" daemon [_thread_blocked, id=50024, stack(0x000000b049200000,0x000000b049300000)]
  0x000001b2e9023800 JavaThread "logback-3" daemon [_thread_blocked, id=4524, stack(0x000000b049600000,0x000000b049700000)]
  0x000001b2e9025800 JavaThread "nacos.publisher-com.alibaba.nacos.common.notify.SlowEvent" daemon [_thread_blocked, id=49160, stack(0x000000b049700000,0x000000b049800000)]
  0x000001b2e9020800 JavaThread "nacos.publisher-com.alibaba.nacos.client.naming.event.InstancesChangeEvent" daemon [_thread_blocked, id=47692, stack(0x000000b049800000,0x000000b049900000)]
  0x000001b2e9021800 JavaThread "com.alibaba.nacos.naming.failover" daemon [_thread_blocked, id=49596, stack(0x000000b049900000,0x000000b049a00000)]
  0x000001b2e9024800 JavaThread "com.alibaba.nacos.client.naming.security" daemon [_thread_blocked, id=26308, stack(0x000000b049a00000,0x000000b049b00000)]
  0x000001b2e9026000 JavaThread "com.alibaba.nacos.naming.push.receiver" daemon [_thread_in_native, id=3220, stack(0x000000b049b00000,0x000000b049c00000)]
  0x000001b2e9027000 JavaThread "com.alibaba.nacos.client.naming.grpc.redo.0" daemon [_thread_blocked, id=48884, stack(0x000000b049d00000,0x000000b049e00000)]
  0x000001b2e9022000 JavaThread "com.alibaba.nacos.client.remote.worker" daemon [_thread_blocked, id=48424, stack(0x000000b049e00000,0x000000b049f00000)]
  0x000001b2e74fa800 JavaThread "com.alibaba.nacos.client.remote.worker" daemon [_thread_blocked, id=46416, stack(0x000000b049f00000,0x000000b04a000000)]
  0x000001b2e9469800 JavaThread "grpc-nio-worker-ELG-1-1" daemon [_thread_in_native, id=28220, stack(0x000000b04a000000,0x000000b04a100000)]
  0x000001b2e9465800 JavaThread "grpc-nio-worker-ELG-1-2" daemon [_thread_blocked, id=13764, stack(0x000000b04a200000,0x000000b04a300000)]
  0x000001b2e946c800 JavaThread "com.alibaba.nacos.client.naming.updater.0" daemon [_thread_blocked, id=46780, stack(0x000000b04a800000,0x000000b04a900000)]
  0x000001b2e946d800 JavaThread "com.alibaba.nacos.client.identify.watcher.0" daemon [_thread_blocked, id=50452, stack(0x000000b04a900000,0x000000b04aa00000)]
  0x000001b2e946a800 JavaThread "Nacos-Watch-Task-Scheduler-1" [_thread_blocked, id=50480, stack(0x000000b04ad00000,0x000000b04ae00000)]
  0x000001b2e9474000 JavaThread "http-nio-10000-BlockPoller" daemon [_thread_in_native, id=20664, stack(0x000000b04ac00000,0x000000b04ad00000)]
  0x000001b2e9473000 JavaThread "http-nio-10000-exec-1" daemon [_thread_blocked, id=12796, stack(0x000000b04ae00000,0x000000b04af00000)]
  0x000001b2e9470000 JavaThread "http-nio-10000-exec-2" daemon [_thread_blocked, id=49328, stack(0x000000b04af00000,0x000000b04b000000)]
  0x000001b2e9471000 JavaThread "http-nio-10000-exec-3" daemon [_thread_blocked, id=17076, stack(0x000000b04b000000,0x000000b04b100000)]
  0x000001b2e9471800 JavaThread "http-nio-10000-exec-4" daemon [_thread_blocked, id=52044, stack(0x000000b04b100000,0x000000b04b200000)]
  0x000001b2e9472800 JavaThread "http-nio-10000-exec-5" daemon [_thread_blocked, id=18620, stack(0x000000b04b200000,0x000000b04b300000)]
  0x000001b2e91a9000 JavaThread "http-nio-10000-exec-6" daemon [_thread_blocked, id=5368, stack(0x000000b04b300000,0x000000b04b400000)]
  0x000001b2e91aa000 JavaThread "http-nio-10000-exec-7" daemon [_thread_blocked, id=25304, stack(0x000000b04b400000,0x000000b04b500000)]
  0x000001b2e91a4800 JavaThread "http-nio-10000-exec-8" daemon [_thread_blocked, id=22220, stack(0x000000b04b500000,0x000000b04b600000)]
  0x000001b2e91a6800 JavaThread "http-nio-10000-exec-9" daemon [_thread_blocked, id=45796, stack(0x000000b04b600000,0x000000b04b700000)]
  0x000001b2e91ab000 JavaThread "http-nio-10000-exec-10" daemon [_thread_blocked, id=50372, stack(0x000000b04b700000,0x000000b04b800000)]
  0x000001b2e91a8800 JavaThread "http-nio-10000-ClientPoller" daemon [_thread_in_native, id=51420, stack(0x000000b04b800000,0x000000b04b900000)]
  0x000001b2e91a5000 JavaThread "http-nio-10000-Acceptor" daemon [_thread_in_native, id=47496, stack(0x000000b04b900000,0x000000b04ba00000)]
  0x000001b2e91af000 JavaThread "com.alibaba.nacos.client.naming.updater.1" daemon [_thread_blocked, id=49332, stack(0x000000b04bf00000,0x000000b04c000000)]
  0x000001b2e91af800 JavaThread "DestroyJavaVM" [_thread_blocked, id=13920, stack(0x000000b044500000,0x000000b044600000)]
  0x000001b2e91b0800 JavaThread "logback-4" daemon [_thread_blocked, id=21696, stack(0x000000b045d00000,0x000000b045e00000)]
  0x000001b2e91ac800 JavaThread "logback-5" daemon [_thread_blocked, id=37572, stack(0x000000b044200000,0x000000b044300000)]
  0x000001b2e91a7800 JavaThread "logback-6" daemon [_thread_blocked, id=42456, stack(0x000000b04a300000,0x000000b04a400000)]
  0x000001b2e91b2000 JavaThread "logback-7" daemon [_thread_blocked, id=48136, stack(0x000000b04a400000,0x000000b04a500000)]
  0x000001b2e946c000 JavaThread "com.alibaba.nacos.client.naming.updater.2" daemon [_thread_blocked, id=51732, stack(0x000000b04a600000,0x000000b04a700000)]
  0x000001b2e946b000 JavaThread "logback-8" daemon [_thread_blocked, id=8468, stack(0x000000b04a700000,0x000000b04a800000)]
  0x000001b2e9468000 JavaThread "logback-9" daemon [_thread_blocked, id=50324, stack(0x000000b045f00000,0x000000b046000000)]
  0x000001b2e946f000 JavaThread "com.alibaba.nacos.client.naming.updater.3" daemon [_thread_blocked, id=51868, stack(0x000000b049500000,0x000000b049600000)]
  0x000001b2e91ab800 JavaThread "nacos-grpc-client-executor-4168" daemon [_thread_blocked, id=46784, stack(0x000000b044300000,0x000000b044400000)]

Other Threads:
=>0x000001b2e27a7000 VMThread "VM Thread" [stack: 0x000000b044b00000,0x000000b044c00000] [id=26708] _threads_hazard_ptr=0x000001b2812835c0
  0x000001b2e3ba9000 WatcherThread [stack: 0x000000b045600000,0x000000b045700000] [id=46868]
  0x000001b2bfaef800 GCTaskThread "GC Thread#0" [stack: 0x000000b044600000,0x000000b044700000] [id=16556]
  0x000001b2e4574000 GCTaskThread "GC Thread#1" [stack: 0x000000b045700000,0x000000b045800000] [id=5900]
  0x000001b2e4590800 GCTaskThread "GC Thread#2" [stack: 0x000000b045800000,0x000000b045900000] [id=48472]
  0x000001b2e4591000 GCTaskThread "GC Thread#3" [stack: 0x000000b045900000,0x000000b045a00000] [id=37172]
  0x000001b2e4575800 GCTaskThread "GC Thread#4" [stack: 0x000000b045a00000,0x000000b045b00000] [id=6136]
  0x000001b2e4577000 GCTaskThread "GC Thread#5" [stack: 0x000000b045b00000,0x000000b045c00000] [id=44380]
  0x000001b2e48cd800 GCTaskThread "GC Thread#6" [stack: 0x000000b046400000,0x000000b046500000] [id=27976]
  0x000001b2e48ce000 GCTaskThread "GC Thread#7" [stack: 0x000000b046500000,0x000000b046600000] [id=2424]
  0x000001b2bfb4f000 ConcurrentGCThread "G1 Main Marker" [stack: 0x000000b044700000,0x000000b044800000] [id=18732]
  0x000001b2bfb50000 ConcurrentGCThread "G1 Conc#0" [stack: 0x000000b044800000,0x000000b044900000] [id=23064]
  0x000001b2e480d000 ConcurrentGCThread "G1 Conc#1" [stack: 0x000000b046600000,0x000000b046700000] [id=5424]
  0x000001b2e2693800 ConcurrentGCThread "G1 Refine#0" [stack: 0x000000b044900000,0x000000b044a00000] [id=40048]
  0x000001b2e45da000 ConcurrentGCThread "G1 Refine#1" [stack: 0x000000b045c00000,0x000000b045d00000] [id=15824]
  0x000001b2e92fd800 ConcurrentGCThread "G1 Refine#2" [stack: 0x000000b049c00000,0x000000b049d00000] [id=4832]
  0x000001b2e2694800 ConcurrentGCThread "G1 Young RemSet Sampling" [stack: 0x000000b044a00000,0x000000b044b00000] [id=45816]

Threads with active compile tasks:

VM state:at safepoint (normal execution)

VM Mutex/Monitor currently owned by a thread:  ([mutex/lock_event])
[0x000001b2bfad7b20] Threads_lock - owner thread: 0x000001b2e27a7000

Heap address: 0x0000000701200000, size: 4078 MB, Compressed Oops mode: Zero based, Oop shift amount: 3
Narrow klass base: 0x0000000800000000, Narrow klass shift: 0
Compressed class space size: 1073741824 Address: 0x0000000800000000

Heap:
 garbage-first heap   total 262144K, used 117641K [0x0000000701200000, 0x0000000800000000)
  region size 1024K, 70 young (71680K), 8 survivors (8192K)
 Metaspace       used 84699K, capacity 86878K, committed 87204K, reserved 1124352K
  class space    used 10602K, capacity 11446K, committed 11520K, reserved 1048576K
Heap Regions: E=young(eden), S=young(survivor), O=old, HS=humongous(starts), HC=humongous(continues), CS=collection set, F=free, A=archive, TAMS=top-at-mark-start (previous, next)
|   0|0x0000000701200000, 0x0000000701300000, 0x0000000701300000|100%|HS|  |TAMS 0x0000000701300000, 0x0000000701200000| Complete 
|   1|0x0000000701300000, 0x0000000701400000, 0x0000000701400000|100%|HS|  |TAMS 0x0000000701400000, 0x0000000701300000| Complete 
|   2|0x0000000701400000, 0x0000000701500000, 0x0000000701500000|100%| O|  |TAMS 0x0000000701500000, 0x0000000701400000| Untracked 
|   3|0x0000000701500000, 0x0000000701600000, 0x0000000701600000|100%| O|  |TAMS 0x0000000701600000, 0x0000000701500000| Untracked 
|   4|0x0000000701600000, 0x0000000701700000, 0x0000000701700000|100%| O|  |TAMS 0x0000000701700000, 0x0000000701600000| Untracked 
|   5|0x0000000701700000, 0x0000000701800000, 0x0000000701800000|100%| O|  |TAMS 0x0000000701800000, 0x0000000701700000| Untracked 
|   6|0x0000000701800000, 0x0000000701900000, 0x0000000701900000|100%| O|  |TAMS 0x0000000701900000, 0x0000000701800000| Untracked 
|   7|0x0000000701900000, 0x0000000701a00000, 0x0000000701a00000|100%| O|  |TAMS 0x0000000701a00000, 0x0000000701900000| Untracked 
|   8|0x0000000701a00000, 0x0000000701b00000, 0x0000000701b00000|100%| O|  |TAMS 0x0000000701b00000, 0x0000000701a00000| Untracked 
|   9|0x0000000701b00000, 0x0000000701c00000, 0x0000000701c00000|100%| O|  |TAMS 0x0000000701c00000, 0x0000000701b00000| Untracked 
|  10|0x0000000701c00000, 0x0000000701d00000, 0x0000000701d00000|100%| O|  |TAMS 0x0000000701d00000, 0x0000000701c00000| Untracked 
|  11|0x0000000701d00000, 0x0000000701e00000, 0x0000000701e00000|100%| O|  |TAMS 0x0000000701e00000, 0x0000000701d00000| Untracked 
|  12|0x0000000701e00000, 0x0000000701f00000, 0x0000000701f00000|100%| O|  |TAMS 0x0000000701f00000, 0x0000000701e00000| Untracked 
|  13|0x0000000701f00000, 0x0000000702000000, 0x0000000702000000|100%| O|  |TAMS 0x0000000702000000, 0x0000000701f00000| Untracked 
|  14|0x0000000702000000, 0x0000000702100000, 0x0000000702100000|100%| O|  |TAMS 0x0000000702100000, 0x0000000702000000| Untracked 
|  15|0x0000000702100000, 0x0000000702200000, 0x0000000702200000|100%| O|  |TAMS 0x0000000702200000, 0x0000000702100000| Untracked 
|  16|0x0000000702200000, 0x0000000702300000, 0x0000000702300000|100%| O|  |TAMS 0x0000000702300000, 0x0000000702200000| Untracked 
|  17|0x0000000702300000, 0x0000000702400000, 0x0000000702400000|100%| O|  |TAMS 0x0000000702400000, 0x0000000702300000| Untracked 
|  18|0x0000000702400000, 0x0000000702500000, 0x0000000702500000|100%| O|  |TAMS 0x0000000702500000, 0x0000000702400000| Untracked 
|  19|0x0000000702500000, 0x0000000702600000, 0x0000000702600000|100%| O|  |TAMS 0x0000000702600000, 0x0000000702500000| Untracked 
|  20|0x0000000702600000, 0x0000000702700000, 0x0000000702700000|100%| O|  |TAMS 0x0000000702700000, 0x0000000702600000| Untracked 
|  21|0x0000000702700000, 0x0000000702800000, 0x0000000702800000|100%| O|  |TAMS 0x0000000702800000, 0x0000000702700000| Untracked 
|  22|0x0000000702800000, 0x0000000702900000, 0x0000000702900000|100%| O|  |TAMS 0x0000000702900000, 0x0000000702800000| Untracked 
|  23|0x0000000702900000, 0x0000000702a00000, 0x0000000702a00000|100%| O|  |TAMS 0x0000000702a00000, 0x0000000702900000| Untracked 
|  24|0x0000000702a00000, 0x0000000702b00000, 0x0000000702b00000|100%| O|  |TAMS 0x0000000702b00000, 0x0000000702a00000| Untracked 
|  25|0x0000000702b00000, 0x0000000702c00000, 0x0000000702c00000|100%| O|  |TAMS 0x0000000702c00000, 0x0000000702b00000| Untracked 
|  26|0x0000000702c00000, 0x0000000702d00000, 0x0000000702d00000|100%| O|  |TAMS 0x0000000702d00000, 0x0000000702c00000| Untracked 
|  27|0x0000000702d00000, 0x0000000702e00000, 0x0000000702e00000|100%| O|  |TAMS 0x0000000702e00000, 0x0000000702d00000| Untracked 
|  28|0x0000000702e00000, 0x0000000702f00000, 0x0000000702f00000|100%| O|  |TAMS 0x0000000702f00000, 0x0000000702e00000| Untracked 
|  29|0x0000000702f00000, 0x0000000703000000, 0x0000000703000000|100%| O|  |TAMS 0x0000000703000000, 0x0000000702f00000| Untracked 
|  30|0x0000000703000000, 0x0000000703100000, 0x0000000703100000|100%| O|  |TAMS 0x0000000703100000, 0x0000000703000000| Untracked 
|  31|0x0000000703100000, 0x0000000703200000, 0x0000000703200000|100%| O|  |TAMS 0x0000000703200000, 0x0000000703100000| Untracked 
|  32|0x0000000703200000, 0x0000000703300000, 0x0000000703300000|100%| O|  |TAMS 0x0000000703300000, 0x0000000703200000| Untracked 
|  33|0x0000000703300000, 0x0000000703400000, 0x0000000703400000|100%| O|  |TAMS 0x0000000703400000, 0x0000000703300000| Untracked 
|  34|0x0000000703400000, 0x0000000703500000, 0x0000000703500000|100%| O|  |TAMS 0x0000000703500000, 0x0000000703400000| Untracked 
|  35|0x0000000703500000, 0x0000000703600000, 0x0000000703600000|100%| O|  |TAMS 0x0000000703600000, 0x0000000703500000| Untracked 
|  36|0x0000000703600000, 0x0000000703700000, 0x0000000703700000|100%| O|  |TAMS 0x0000000703700000, 0x0000000703600000| Untracked 
|  37|0x0000000703700000, 0x0000000703800000, 0x0000000703800000|100%| O|  |TAMS 0x0000000703800000, 0x0000000703700000| Untracked 
|  38|0x0000000703800000, 0x0000000703900000, 0x0000000703900000|100%| O|  |TAMS 0x0000000703900000, 0x0000000703800000| Untracked 
|  39|0x0000000703900000, 0x0000000703a00000, 0x0000000703a00000|100%| O|  |TAMS 0x0000000703a00000, 0x0000000703900000| Untracked 
|  40|0x0000000703a00000, 0x0000000703b00000, 0x0000000703b00000|100%| O|  |TAMS 0x0000000703b00000, 0x0000000703a00000| Untracked 
|  41|0x0000000703b00000, 0x0000000703c00000, 0x0000000703c00000|100%| O|  |TAMS 0x0000000703c00000, 0x0000000703b00000| Untracked 
|  42|0x0000000703c00000, 0x0000000703d00000, 0x0000000703d00000|100%| O|  |TAMS 0x0000000703d00000, 0x0000000703c00000| Untracked 
|  43|0x0000000703d00000, 0x0000000703e00000, 0x0000000703e00000|100%| O|  |TAMS 0x0000000703e00000, 0x0000000703d00000| Untracked 
|  44|0x0000000703e00000, 0x0000000703f00000, 0x0000000703f00000|100%| O|  |TAMS 0x0000000703f00000, 0x0000000703e00000| Untracked 
|  45|0x0000000703f00000, 0x0000000704000000, 0x0000000704000000|100%| O|  |TAMS 0x0000000703f04e00, 0x0000000703f00000| Untracked 
|  46|0x0000000704000000, 0x000000070401f000, 0x0000000704100000| 12%| O|  |TAMS 0x0000000704000000, 0x0000000704000000| Untracked 
|  47|0x0000000704100000, 0x0000000704100000, 0x0000000704200000|  0%| F|  |TAMS 0x0000000704100000, 0x0000000704100000| Untracked 
|  48|0x0000000704200000, 0x0000000704200000, 0x0000000704300000|  0%| F|  |TAMS 0x0000000704200000, 0x0000000704200000| Untracked 
|  49|0x0000000704300000, 0x0000000704300000, 0x0000000704400000|  0%| F|  |TAMS 0x0000000704300000, 0x0000000704300000| Untracked 
|  50|0x0000000704400000, 0x0000000704400000, 0x0000000704500000|  0%| F|  |TAMS 0x0000000704400000, 0x0000000704400000| Untracked 
|  51|0x0000000704500000, 0x0000000704500000, 0x0000000704600000|  0%| F|  |TAMS 0x0000000704500000, 0x0000000704500000| Untracked 
|  52|0x0000000704600000, 0x0000000704600000, 0x0000000704700000|  0%| F|  |TAMS 0x0000000704600000, 0x0000000704600000| Untracked 
|  53|0x0000000704700000, 0x0000000704700000, 0x0000000704800000|  0%| F|  |TAMS 0x0000000704700000, 0x0000000704700000| Untracked 
|  54|0x0000000704800000, 0x0000000704800000, 0x0000000704900000|  0%| F|  |TAMS 0x0000000704800000, 0x0000000704800000| Untracked 
|  55|0x0000000704900000, 0x0000000704900000, 0x0000000704a00000|  0%| F|  |TAMS 0x0000000704900000, 0x0000000704900000| Untracked 
|  56|0x0000000704a00000, 0x0000000704a00000, 0x0000000704b00000|  0%| F|  |TAMS 0x0000000704a00000, 0x0000000704a00000| Untracked 
|  57|0x0000000704b00000, 0x0000000704b00000, 0x0000000704c00000|  0%| F|  |TAMS 0x0000000704b00000, 0x0000000704b00000| Untracked 
|  58|0x0000000704c00000, 0x0000000704c00000, 0x0000000704d00000|  0%| F|  |TAMS 0x0000000704c00000, 0x0000000704c00000| Untracked 
|  59|0x0000000704d00000, 0x0000000704d00000, 0x0000000704e00000|  0%| F|  |TAMS 0x0000000704d00000, 0x0000000704d00000| Untracked 
|  60|0x0000000704e00000, 0x0000000704e00000, 0x0000000704f00000|  0%| F|  |TAMS 0x0000000704e00000, 0x0000000704e00000| Untracked 
|  61|0x0000000704f00000, 0x0000000704f00000, 0x0000000705000000|  0%| F|  |TAMS 0x0000000704f00000, 0x0000000704f00000| Untracked 
|  62|0x0000000705000000, 0x0000000705000000, 0x0000000705100000|  0%| F|  |TAMS 0x0000000705000000, 0x0000000705000000| Untracked 
|  63|0x0000000705100000, 0x0000000705100000, 0x0000000705200000|  0%| F|  |TAMS 0x0000000705100000, 0x0000000705100000| Untracked 
|  64|0x0000000705200000, 0x0000000705200000, 0x0000000705300000|  0%| F|  |TAMS 0x0000000705200000, 0x0000000705200000| Untracked 
|  65|0x0000000705300000, 0x0000000705300000, 0x0000000705400000|  0%| F|  |TAMS 0x0000000705300000, 0x0000000705300000| Untracked 
|  66|0x0000000705400000, 0x0000000705400000, 0x0000000705500000|  0%| F|  |TAMS 0x0000000705400000, 0x0000000705400000| Untracked 
|  67|0x0000000705500000, 0x0000000705500000, 0x0000000705600000|  0%| F|  |TAMS 0x0000000705500000, 0x0000000705500000| Untracked 
|  68|0x0000000705600000, 0x0000000705600000, 0x0000000705700000|  0%| F|  |TAMS 0x0000000705600000, 0x0000000705600000| Untracked 
|  69|0x0000000705700000, 0x0000000705700000, 0x0000000705800000|  0%| F|  |TAMS 0x0000000705700000, 0x0000000705700000| Untracked 
|  70|0x0000000705800000, 0x0000000705800000, 0x0000000705900000|  0%| F|  |TAMS 0x0000000705800000, 0x0000000705800000| Untracked 
|  71|0x0000000705900000, 0x0000000705900000, 0x0000000705a00000|  0%| F|  |TAMS 0x0000000705900000, 0x0000000705900000| Untracked 
|  72|0x0000000705a00000, 0x0000000705a00000, 0x0000000705b00000|  0%| F|  |TAMS 0x0000000705a00000, 0x0000000705a00000| Untracked 
|  73|0x0000000705b00000, 0x0000000705b00000, 0x0000000705c00000|  0%| F|  |TAMS 0x0000000705b00000, 0x0000000705b00000| Untracked 
|  74|0x0000000705c00000, 0x0000000705c00000, 0x0000000705d00000|  0%| F|  |TAMS 0x0000000705c00000, 0x0000000705c00000| Untracked 
|  75|0x0000000705d00000, 0x0000000705d00000, 0x0000000705e00000|  0%| F|  |TAMS 0x0000000705d00000, 0x0000000705d00000| Untracked 
|  76|0x0000000705e00000, 0x0000000705e00000, 0x0000000705f00000|  0%| F|  |TAMS 0x0000000705e00000, 0x0000000705e00000| Untracked 
|  77|0x0000000705f00000, 0x0000000705f00000, 0x0000000706000000|  0%| F|  |TAMS 0x0000000705f00000, 0x0000000705f00000| Untracked 
|  78|0x0000000706000000, 0x0000000706000000, 0x0000000706100000|  0%| F|  |TAMS 0x0000000706000000, 0x0000000706000000| Untracked 
|  79|0x0000000706100000, 0x0000000706100000, 0x0000000706200000|  0%| F|  |TAMS 0x0000000706100000, 0x0000000706100000| Untracked 
|  80|0x0000000706200000, 0x0000000706200000, 0x0000000706300000|  0%| F|  |TAMS 0x0000000706200000, 0x0000000706200000| Untracked 
|  81|0x0000000706300000, 0x0000000706300000, 0x0000000706400000|  0%| F|  |TAMS 0x0000000706300000, 0x0000000706300000| Untracked 
|  82|0x0000000706400000, 0x0000000706400000, 0x0000000706500000|  0%| F|  |TAMS 0x0000000706400000, 0x0000000706400000| Untracked 
|  83|0x0000000706500000, 0x0000000706500000, 0x0000000706600000|  0%| F|  |TAMS 0x0000000706500000, 0x0000000706500000| Untracked 
|  84|0x0000000706600000, 0x0000000706600000, 0x0000000706700000|  0%| F|  |TAMS 0x0000000706600000, 0x0000000706600000| Untracked 
|  85|0x0000000706700000, 0x0000000706700000, 0x0000000706800000|  0%| F|  |TAMS 0x0000000706700000, 0x0000000706700000| Untracked 
|  86|0x0000000706800000, 0x0000000706800000, 0x0000000706900000|  0%| F|  |TAMS 0x0000000706800000, 0x0000000706800000| Untracked 
|  87|0x0000000706900000, 0x0000000706900000, 0x0000000706a00000|  0%| F|  |TAMS 0x0000000706900000, 0x0000000706900000| Untracked 
|  88|0x0000000706a00000, 0x0000000706a00000, 0x0000000706b00000|  0%| F|  |TAMS 0x0000000706a00000, 0x0000000706a00000| Untracked 
|  89|0x0000000706b00000, 0x0000000706b00000, 0x0000000706c00000|  0%| F|  |TAMS 0x0000000706b00000, 0x0000000706b00000| Untracked 
|  90|0x0000000706c00000, 0x0000000706c00000, 0x0000000706d00000|  0%| F|  |TAMS 0x0000000706c00000, 0x0000000706c00000| Untracked 
|  91|0x0000000706d00000, 0x0000000706d00000, 0x0000000706e00000|  0%| F|  |TAMS 0x0000000706d00000, 0x0000000706d00000| Untracked 
|  92|0x0000000706e00000, 0x0000000706e00000, 0x0000000706f00000|  0%| F|  |TAMS 0x0000000706e00000, 0x0000000706e00000| Untracked 
|  93|0x0000000706f00000, 0x0000000706f00000, 0x0000000707000000|  0%| F|  |TAMS 0x0000000706f00000, 0x0000000706f00000| Untracked 
|  94|0x0000000707000000, 0x0000000707000000, 0x0000000707100000|  0%| F|  |TAMS 0x0000000707000000, 0x0000000707000000| Untracked 
|  95|0x0000000707100000, 0x00000007071c3700, 0x0000000707200000| 76%| S|CS|TAMS 0x0000000707100000, 0x0000000707100000| Complete 
|  96|0x0000000707200000, 0x0000000707200000, 0x0000000707300000|  0%| F|  |TAMS 0x0000000707200000, 0x0000000707200000| Untracked 
|  97|0x0000000707300000, 0x0000000707300000, 0x0000000707400000|  0%| F|  |TAMS 0x0000000707300000, 0x0000000707300000| Untracked 
|  98|0x0000000707400000, 0x0000000707400000, 0x0000000707500000|  0%| F|  |TAMS 0x0000000707400000, 0x0000000707400000| Untracked 
|  99|0x0000000707500000, 0x0000000707500000, 0x0000000707600000|  0%| F|  |TAMS 0x0000000707500000, 0x0000000707500000| Untracked 
| 100|0x0000000707600000, 0x0000000707700000, 0x0000000707700000|100%| S|CS|TAMS 0x0000000707600000, 0x0000000707600000| Complete 
| 101|0x0000000707700000, 0x0000000707800000, 0x0000000707800000|100%| S|CS|TAMS 0x0000000707700000, 0x0000000707700000| Complete 
| 102|0x0000000707800000, 0x0000000707900000, 0x0000000707900000|100%| S|CS|TAMS 0x0000000707800000, 0x0000000707800000| Complete 
| 103|0x0000000707900000, 0x0000000707a00000, 0x0000000707a00000|100%| S|CS|TAMS 0x0000000707900000, 0x0000000707900000| Complete 
| 104|0x0000000707a00000, 0x0000000707b00000, 0x0000000707b00000|100%| S|CS|TAMS 0x0000000707a00000, 0x0000000707a00000| Complete 
| 105|0x0000000707b00000, 0x0000000707c00000, 0x0000000707c00000|100%| S|CS|TAMS 0x0000000707b00000, 0x0000000707b00000| Complete 
| 106|0x0000000707c00000, 0x0000000707c00000, 0x0000000707d00000|  0%| F|  |TAMS 0x0000000707c00000, 0x0000000707c00000| Untracked 
| 107|0x0000000707d00000, 0x0000000707d00000, 0x0000000707e00000|  0%| F|  |TAMS 0x0000000707d00000, 0x0000000707d00000| Untracked 
| 108|0x0000000707e00000, 0x0000000707e00000, 0x0000000707f00000|  0%| F|  |TAMS 0x0000000707e00000, 0x0000000707e00000| Untracked 
| 109|0x0000000707f00000, 0x0000000707f00000, 0x0000000708000000|  0%| F|  |TAMS 0x0000000707f00000, 0x0000000707f00000| Untracked 
| 110|0x0000000708000000, 0x0000000708000000, 0x0000000708100000|  0%| F|  |TAMS 0x0000000708000000, 0x0000000708000000| Untracked 
| 111|0x0000000708100000, 0x0000000708200000, 0x0000000708200000|100%| S|CS|TAMS 0x0000000708100000, 0x0000000708100000| Complete 
| 112|0x0000000708200000, 0x0000000708200000, 0x0000000708300000|  0%| F|  |TAMS 0x0000000708200000, 0x0000000708200000| Untracked 
| 113|0x0000000708300000, 0x0000000708300000, 0x0000000708400000|  0%| F|  |TAMS 0x0000000708300000, 0x0000000708300000| Untracked 
| 114|0x0000000708400000, 0x0000000708400000, 0x0000000708500000|  0%| F|  |TAMS 0x0000000708400000, 0x0000000708400000| Untracked 
| 115|0x0000000708500000, 0x0000000708500000, 0x0000000708600000|  0%| F|  |TAMS 0x0000000708500000, 0x0000000708500000| Untracked 
| 116|0x0000000708600000, 0x0000000708600000, 0x0000000708700000|  0%| F|  |TAMS 0x0000000708600000, 0x0000000708600000| Untracked 
| 117|0x0000000708700000, 0x0000000708700000, 0x0000000708800000|  0%| F|  |TAMS 0x0000000708700000, 0x0000000708700000| Untracked 
| 118|0x0000000708800000, 0x0000000708800000, 0x0000000708900000|  0%| F|  |TAMS 0x0000000708800000, 0x0000000708800000| Untracked 
| 119|0x0000000708900000, 0x0000000708900000, 0x0000000708a00000|  0%| F|  |TAMS 0x0000000708900000, 0x0000000708900000| Untracked 
| 120|0x0000000708a00000, 0x0000000708a00000, 0x0000000708b00000|  0%| F|  |TAMS 0x0000000708a00000, 0x0000000708a00000| Untracked 
| 121|0x0000000708b00000, 0x0000000708b00000, 0x0000000708c00000|  0%| F|  |TAMS 0x0000000708b00000, 0x0000000708b00000| Untracked 
| 122|0x0000000708c00000, 0x0000000708c00000, 0x0000000708d00000|  0%| F|  |TAMS 0x0000000708c00000, 0x0000000708c00000| Untracked 
| 123|0x0000000708d00000, 0x0000000708d00000, 0x0000000708e00000|  0%| F|  |TAMS 0x0000000708d00000, 0x0000000708d00000| Untracked 
| 124|0x0000000708e00000, 0x0000000708e00000, 0x0000000708f00000|  0%| F|  |TAMS 0x0000000708e00000, 0x0000000708e00000| Untracked 
| 125|0x0000000708f00000, 0x0000000708f00000, 0x0000000709000000|  0%| F|  |TAMS 0x0000000708f00000, 0x0000000708f00000| Untracked 
| 126|0x0000000709000000, 0x0000000709000000, 0x0000000709100000|  0%| F|  |TAMS 0x0000000709000000, 0x0000000709000000| Untracked 
| 127|0x0000000709100000, 0x0000000709100000, 0x0000000709200000|  0%| F|  |TAMS 0x0000000709100000, 0x0000000709100000| Untracked 
| 128|0x0000000709200000, 0x0000000709200000, 0x0000000709300000|  0%| F|  |TAMS 0x0000000709200000, 0x0000000709200000| Untracked 
| 129|0x0000000709300000, 0x0000000709300000, 0x0000000709400000|  0%| F|  |TAMS 0x0000000709300000, 0x0000000709300000| Untracked 
| 130|0x0000000709400000, 0x0000000709400000, 0x0000000709500000|  0%| F|  |TAMS 0x0000000709400000, 0x0000000709400000| Untracked 
| 131|0x0000000709500000, 0x0000000709500000, 0x0000000709600000|  0%| F|  |TAMS 0x0000000709500000, 0x0000000709500000| Untracked 
| 132|0x0000000709600000, 0x0000000709600000, 0x0000000709700000|  0%| F|  |TAMS 0x0000000709600000, 0x0000000709600000| Untracked 
| 133|0x0000000709700000, 0x0000000709700000, 0x0000000709800000|  0%| F|  |TAMS 0x0000000709700000, 0x0000000709700000| Untracked 
| 134|0x0000000709800000, 0x0000000709800000, 0x0000000709900000|  0%| F|  |TAMS 0x0000000709800000, 0x0000000709800000| Untracked 
| 135|0x0000000709900000, 0x0000000709900000, 0x0000000709a00000|  0%| F|  |TAMS 0x0000000709900000, 0x0000000709900000| Untracked 
| 136|0x0000000709a00000, 0x0000000709a00000, 0x0000000709b00000|  0%| F|  |TAMS 0x0000000709a00000, 0x0000000709a00000| Untracked 
| 137|0x0000000709b00000, 0x0000000709b00000, 0x0000000709c00000|  0%| F|  |TAMS 0x0000000709b00000, 0x0000000709b00000| Untracked 
| 138|0x0000000709c00000, 0x0000000709c00000, 0x0000000709d00000|  0%| F|  |TAMS 0x0000000709c00000, 0x0000000709c00000| Untracked 
| 139|0x0000000709d00000, 0x0000000709d00000, 0x0000000709e00000|  0%| F|  |TAMS 0x0000000709d00000, 0x0000000709d00000| Untracked 
| 140|0x0000000709e00000, 0x0000000709e00000, 0x0000000709f00000|  0%| F|  |TAMS 0x0000000709e00000, 0x0000000709e00000| Untracked 
| 141|0x0000000709f00000, 0x0000000709f00000, 0x000000070a000000|  0%| F|  |TAMS 0x0000000709f00000, 0x0000000709f00000| Untracked 
| 142|0x000000070a000000, 0x000000070a000000, 0x000000070a100000|  0%| F|  |TAMS 0x000000070a000000, 0x000000070a000000| Untracked 
| 143|0x000000070a100000, 0x000000070a100000, 0x000000070a200000|  0%| F|  |TAMS 0x000000070a100000, 0x000000070a100000| Untracked 
| 144|0x000000070a200000, 0x000000070a200000, 0x000000070a300000|  0%| F|  |TAMS 0x000000070a200000, 0x000000070a200000| Untracked 
| 145|0x000000070a300000, 0x000000070a300000, 0x000000070a400000|  0%| F|  |TAMS 0x000000070a300000, 0x000000070a300000| Untracked 
| 146|0x000000070a400000, 0x000000070a400000, 0x000000070a500000|  0%| F|  |TAMS 0x000000070a400000, 0x000000070a400000| Untracked 
| 147|0x000000070a500000, 0x000000070a500000, 0x000000070a600000|  0%| F|  |TAMS 0x000000070a500000, 0x000000070a500000| Untracked 
| 148|0x000000070a600000, 0x000000070a600000, 0x000000070a700000|  0%| F|  |TAMS 0x000000070a600000, 0x000000070a600000| Untracked 
| 149|0x000000070a700000, 0x000000070a700000, 0x000000070a800000|  0%| F|  |TAMS 0x000000070a700000, 0x000000070a700000| Untracked 
| 150|0x000000070a800000, 0x000000070a800000, 0x000000070a900000|  0%| F|  |TAMS 0x000000070a800000, 0x000000070a800000| Untracked 
| 151|0x000000070a900000, 0x000000070a900000, 0x000000070aa00000|  0%| F|  |TAMS 0x000000070a900000, 0x000000070a900000| Untracked 
| 152|0x000000070aa00000, 0x000000070aa00000, 0x000000070ab00000|  0%| F|  |TAMS 0x000000070aa00000, 0x000000070aa00000| Untracked 
| 153|0x000000070ab00000, 0x000000070ab00000, 0x000000070ac00000|  0%| F|  |TAMS 0x000000070ab00000, 0x000000070ab00000| Untracked 
| 154|0x000000070ac00000, 0x000000070ac00000, 0x000000070ad00000|  0%| F|  |TAMS 0x000000070ac00000, 0x000000070ac00000| Untracked 
| 155|0x000000070ad00000, 0x000000070ad00000, 0x000000070ae00000|  0%| F|  |TAMS 0x000000070ad00000, 0x000000070ad00000| Untracked 
| 156|0x000000070ae00000, 0x000000070ae00000, 0x000000070af00000|  0%| F|  |TAMS 0x000000070ae00000, 0x000000070ae00000| Untracked 
| 157|0x000000070af00000, 0x000000070af00000, 0x000000070b000000|  0%| F|  |TAMS 0x000000070af00000, 0x000000070af00000| Untracked 
| 158|0x000000070b000000, 0x000000070b000000, 0x000000070b100000|  0%| F|  |TAMS 0x000000070b000000, 0x000000070b000000| Untracked 
| 159|0x000000070b100000, 0x000000070b100000, 0x000000070b200000|  0%| F|  |TAMS 0x000000070b100000, 0x000000070b100000| Untracked 
| 160|0x000000070b200000, 0x000000070b200000, 0x000000070b300000|  0%| F|  |TAMS 0x000000070b200000, 0x000000070b200000| Untracked 
| 161|0x000000070b300000, 0x000000070b300000, 0x000000070b400000|  0%| F|  |TAMS 0x000000070b300000, 0x000000070b300000| Untracked 
| 162|0x000000070b400000, 0x000000070b400000, 0x000000070b500000|  0%| F|  |TAMS 0x000000070b400000, 0x000000070b400000| Untracked 
| 163|0x000000070b500000, 0x000000070b500000, 0x000000070b600000|  0%| F|  |TAMS 0x000000070b500000, 0x000000070b500000| Untracked 
| 164|0x000000070b600000, 0x000000070b600000, 0x000000070b700000|  0%| F|  |TAMS 0x000000070b600000, 0x000000070b600000| Untracked 
| 165|0x000000070b700000, 0x000000070b700000, 0x000000070b800000|  0%| F|  |TAMS 0x000000070b700000, 0x000000070b700000| Untracked 
| 166|0x000000070b800000, 0x000000070b800000, 0x000000070b900000|  0%| F|  |TAMS 0x000000070b800000, 0x000000070b800000| Untracked 
| 167|0x000000070b900000, 0x000000070b900000, 0x000000070ba00000|  0%| F|  |TAMS 0x000000070b900000, 0x000000070b900000| Untracked 
| 168|0x000000070ba00000, 0x000000070ba00000, 0x000000070bb00000|  0%| F|  |TAMS 0x000000070ba00000, 0x000000070ba00000| Untracked 
| 169|0x000000070bb00000, 0x000000070bb00000, 0x000000070bc00000|  0%| F|  |TAMS 0x000000070bb00000, 0x000000070bb00000| Untracked 
| 170|0x000000070bc00000, 0x000000070bc00000, 0x000000070bd00000|  0%| F|  |TAMS 0x000000070bc00000, 0x000000070bc00000| Untracked 
| 171|0x000000070bd00000, 0x000000070bd00000, 0x000000070be00000|  0%| F|  |TAMS 0x000000070bd00000, 0x000000070bd00000| Untracked 
| 172|0x000000070be00000, 0x000000070be00000, 0x000000070bf00000|  0%| F|  |TAMS 0x000000070be00000, 0x000000070be00000| Untracked 
| 173|0x000000070bf00000, 0x000000070bf00000, 0x000000070c000000|  0%| F|  |TAMS 0x000000070bf00000, 0x000000070bf00000| Untracked 
| 174|0x000000070c000000, 0x000000070c000000, 0x000000070c100000|  0%| F|  |TAMS 0x000000070c000000, 0x000000070c000000| Untracked 
| 175|0x000000070c100000, 0x000000070c100000, 0x000000070c200000|  0%| F|  |TAMS 0x000000070c100000, 0x000000070c100000| Untracked 
| 176|0x000000070c200000, 0x000000070c200000, 0x000000070c300000|  0%| F|  |TAMS 0x000000070c200000, 0x000000070c200000| Untracked 
| 177|0x000000070c300000, 0x000000070c300000, 0x000000070c400000|  0%| F|  |TAMS 0x000000070c300000, 0x000000070c300000| Untracked 
| 178|0x000000070c400000, 0x000000070c400000, 0x000000070c500000|  0%| F|  |TAMS 0x000000070c400000, 0x000000070c400000| Untracked 
| 179|0x000000070c500000, 0x000000070c500000, 0x000000070c600000|  0%| F|  |TAMS 0x000000070c500000, 0x000000070c500000| Untracked 
| 180|0x000000070c600000, 0x000000070c600000, 0x000000070c700000|  0%| F|  |TAMS 0x000000070c600000, 0x000000070c600000| Untracked 
| 181|0x000000070c700000, 0x000000070c700000, 0x000000070c800000|  0%| F|  |TAMS 0x000000070c700000, 0x000000070c700000| Untracked 
| 182|0x000000070c800000, 0x000000070c800000, 0x000000070c900000|  0%| F|  |TAMS 0x000000070c800000, 0x000000070c800000| Untracked 
| 183|0x000000070c900000, 0x000000070c900000, 0x000000070ca00000|  0%| F|  |TAMS 0x000000070c900000, 0x000000070c900000| Untracked 
| 184|0x000000070ca00000, 0x000000070ca00000, 0x000000070cb00000|  0%| F|  |TAMS 0x000000070ca00000, 0x000000070ca00000| Untracked 
| 185|0x000000070cb00000, 0x000000070cb00000, 0x000000070cc00000|  0%| F|  |TAMS 0x000000070cb00000, 0x000000070cb00000| Untracked 
| 186|0x000000070cc00000, 0x000000070cc00000, 0x000000070cd00000|  0%| F|  |TAMS 0x000000070cc00000, 0x000000070cc00000| Untracked 
| 187|0x000000070cd00000, 0x000000070cd00000, 0x000000070ce00000|  0%| F|  |TAMS 0x000000070cd00000, 0x000000070cd00000| Untracked 
| 188|0x000000070ce00000, 0x000000070ce00000, 0x000000070cf00000|  0%| F|  |TAMS 0x000000070ce00000, 0x000000070ce00000| Untracked 
| 189|0x000000070cf00000, 0x000000070cf00000, 0x000000070d000000|  0%| F|  |TAMS 0x000000070cf00000, 0x000000070cf00000| Untracked 
| 190|0x000000070d000000, 0x000000070d000000, 0x000000070d100000|  0%| F|  |TAMS 0x000000070d000000, 0x000000070d000000| Untracked 
| 191|0x000000070d100000, 0x000000070d100000, 0x000000070d200000|  0%| F|  |TAMS 0x000000070d100000, 0x000000070d100000| Untracked 
| 192|0x000000070d200000, 0x000000070d200000, 0x000000070d300000|  0%| F|  |TAMS 0x000000070d200000, 0x000000070d200000| Untracked 
| 193|0x000000070d300000, 0x000000070d300000, 0x000000070d400000|  0%| F|  |TAMS 0x000000070d300000, 0x000000070d300000| Untracked 
| 194|0x000000070d400000, 0x000000070d48f060, 0x000000070d500000| 55%| E|  |TAMS 0x000000070d400000, 0x000000070d400000| Complete 
| 195|0x000000070d500000, 0x000000070d600000, 0x000000070d600000|100%| E|CS|TAMS 0x000000070d500000, 0x000000070d500000| Complete 
| 196|0x000000070d600000, 0x000000070d700000, 0x000000070d700000|100%| E|CS|TAMS 0x000000070d600000, 0x000000070d600000| Complete 
| 197|0x000000070d700000, 0x000000070d800000, 0x000000070d800000|100%| E|CS|TAMS 0x000000070d700000, 0x000000070d700000| Complete 
| 198|0x000000070d800000, 0x000000070d900000, 0x000000070d900000|100%| E|CS|TAMS 0x000000070d800000, 0x000000070d800000| Complete 
| 199|0x000000070d900000, 0x000000070da00000, 0x000000070da00000|100%| E|CS|TAMS 0x000000070d900000, 0x000000070d900000| Complete 
| 200|0x000000070da00000, 0x000000070db00000, 0x000000070db00000|100%| E|CS|TAMS 0x000000070da00000, 0x000000070da00000| Complete 
| 201|0x000000070db00000, 0x000000070dc00000, 0x000000070dc00000|100%| E|CS|TAMS 0x000000070db00000, 0x000000070db00000| Complete 
| 202|0x000000070dc00000, 0x000000070dd00000, 0x000000070dd00000|100%| E|CS|TAMS 0x000000070dc00000, 0x000000070dc00000| Complete 
| 203|0x000000070dd00000, 0x000000070de00000, 0x000000070de00000|100%| E|CS|TAMS 0x000000070dd00000, 0x000000070dd00000| Complete 
| 204|0x000000070de00000, 0x000000070df00000, 0x000000070df00000|100%| E|CS|TAMS 0x000000070de00000, 0x000000070de00000| Complete 
| 205|0x000000070df00000, 0x000000070e000000, 0x000000070e000000|100%| E|CS|TAMS 0x000000070df00000, 0x000000070df00000| Complete 
| 206|0x000000070e000000, 0x000000070e100000, 0x000000070e100000|100%| E|CS|TAMS 0x000000070e000000, 0x000000070e000000| Complete 
| 207|0x000000070e100000, 0x000000070e200000, 0x000000070e200000|100%| E|CS|TAMS 0x000000070e100000, 0x000000070e100000| Complete 
| 208|0x000000070e200000, 0x000000070e300000, 0x000000070e300000|100%| E|CS|TAMS 0x000000070e200000, 0x000000070e200000| Complete 
| 209|0x000000070e300000, 0x000000070e400000, 0x000000070e400000|100%| E|CS|TAMS 0x000000070e300000, 0x000000070e300000| Complete 
| 210|0x000000070e400000, 0x000000070e500000, 0x000000070e500000|100%| E|CS|TAMS 0x000000070e400000, 0x000000070e400000| Complete 
| 211|0x000000070e500000, 0x000000070e600000, 0x000000070e600000|100%| E|CS|TAMS 0x000000070e500000, 0x000000070e500000| Complete 
| 212|0x000000070e600000, 0x000000070e700000, 0x000000070e700000|100%| E|CS|TAMS 0x000000070e600000, 0x000000070e600000| Complete 
| 213|0x000000070e700000, 0x000000070e800000, 0x000000070e800000|100%| E|CS|TAMS 0x000000070e700000, 0x000000070e700000| Complete 
| 214|0x000000070e800000, 0x000000070e900000, 0x000000070e900000|100%| E|CS|TAMS 0x000000070e800000, 0x000000070e800000| Complete 
| 215|0x000000070e900000, 0x000000070ea00000, 0x000000070ea00000|100%| E|CS|TAMS 0x000000070e900000, 0x000000070e900000| Complete 
| 216|0x000000070ea00000, 0x000000070eb00000, 0x000000070eb00000|100%| E|CS|TAMS 0x000000070ea00000, 0x000000070ea00000| Complete 
| 217|0x000000070eb00000, 0x000000070ec00000, 0x000000070ec00000|100%| E|CS|TAMS 0x000000070eb00000, 0x000000070eb00000| Complete 
| 218|0x000000070ec00000, 0x000000070ed00000, 0x000000070ed00000|100%| E|CS|TAMS 0x000000070ec00000, 0x000000070ec00000| Complete 
| 219|0x000000070ed00000, 0x000000070ee00000, 0x000000070ee00000|100%| E|CS|TAMS 0x000000070ed00000, 0x000000070ed00000| Complete 
| 220|0x000000070ee00000, 0x000000070ef00000, 0x000000070ef00000|100%| E|CS|TAMS 0x000000070ee00000, 0x000000070ee00000| Complete 
| 221|0x000000070ef00000, 0x000000070f000000, 0x000000070f000000|100%| E|CS|TAMS 0x000000070ef00000, 0x000000070ef00000| Complete 
| 222|0x000000070f000000, 0x000000070f100000, 0x000000070f100000|100%| E|CS|TAMS 0x000000070f000000, 0x000000070f000000| Complete 
| 223|0x000000070f100000, 0x000000070f200000, 0x000000070f200000|100%| E|CS|TAMS 0x000000070f100000, 0x000000070f100000| Complete 
| 224|0x000000070f200000, 0x000000070f300000, 0x000000070f300000|100%| E|CS|TAMS 0x000000070f200000, 0x000000070f200000| Complete 
| 225|0x000000070f300000, 0x000000070f400000, 0x000000070f400000|100%| E|CS|TAMS 0x000000070f300000, 0x000000070f300000| Complete 
| 226|0x000000070f400000, 0x000000070f500000, 0x000000070f500000|100%| E|CS|TAMS 0x000000070f400000, 0x000000070f400000| Complete 
| 227|0x000000070f500000, 0x000000070f600000, 0x000000070f600000|100%| E|CS|TAMS 0x000000070f500000, 0x000000070f500000| Complete 
| 228|0x000000070f600000, 0x000000070f700000, 0x000000070f700000|100%| E|CS|TAMS 0x000000070f600000, 0x000000070f600000| Complete 
| 229|0x000000070f700000, 0x000000070f800000, 0x000000070f800000|100%| E|CS|TAMS 0x000000070f700000, 0x000000070f700000| Complete 
| 230|0x000000070f800000, 0x000000070f900000, 0x000000070f900000|100%| E|CS|TAMS 0x000000070f800000, 0x000000070f800000| Complete 
| 231|0x000000070f900000, 0x000000070fa00000, 0x000000070fa00000|100%| E|CS|TAMS 0x000000070f900000, 0x000000070f900000| Complete 
| 232|0x000000070fa00000, 0x000000070fb00000, 0x000000070fb00000|100%| E|CS|TAMS 0x000000070fa00000, 0x000000070fa00000| Complete 
| 233|0x000000070fb00000, 0x000000070fc00000, 0x000000070fc00000|100%| E|CS|TAMS 0x000000070fb00000, 0x000000070fb00000| Complete 
| 234|0x000000070fc00000, 0x000000070fd00000, 0x000000070fd00000|100%| E|CS|TAMS 0x000000070fc00000, 0x000000070fc00000| Complete 
| 235|0x000000070fd00000, 0x000000070fe00000, 0x000000070fe00000|100%| E|CS|TAMS 0x000000070fd00000, 0x000000070fd00000| Complete 
| 236|0x000000070fe00000, 0x000000070ff00000, 0x000000070ff00000|100%| E|CS|TAMS 0x000000070fe00000, 0x000000070fe00000| Complete 
| 237|0x000000070ff00000, 0x0000000710000000, 0x0000000710000000|100%| E|CS|TAMS 0x000000070ff00000, 0x000000070ff00000| Complete 
| 238|0x0000000710000000, 0x0000000710100000, 0x0000000710100000|100%| E|CS|TAMS 0x0000000710000000, 0x0000000710000000| Complete 
| 239|0x0000000710100000, 0x0000000710200000, 0x0000000710200000|100%| E|CS|TAMS 0x0000000710100000, 0x0000000710100000| Complete 
| 240|0x0000000710200000, 0x0000000710300000, 0x0000000710300000|100%| E|CS|TAMS 0x0000000710200000, 0x0000000710200000| Complete 
| 241|0x0000000710300000, 0x0000000710400000, 0x0000000710400000|100%| E|CS|TAMS 0x0000000710300000, 0x0000000710300000| Complete 
| 242|0x0000000710400000, 0x0000000710500000, 0x0000000710500000|100%| E|CS|TAMS 0x0000000710400000, 0x0000000710400000| Complete 
| 243|0x0000000710500000, 0x0000000710600000, 0x0000000710600000|100%| E|CS|TAMS 0x0000000710500000, 0x0000000710500000| Complete 
| 244|0x0000000710600000, 0x0000000710700000, 0x0000000710700000|100%| E|CS|TAMS 0x0000000710600000, 0x0000000710600000| Complete 
| 245|0x0000000710700000, 0x0000000710800000, 0x0000000710800000|100%| E|CS|TAMS 0x0000000710700000, 0x0000000710700000| Complete 
| 246|0x0000000710800000, 0x0000000710900000, 0x0000000710900000|100%| E|CS|TAMS 0x0000000710800000, 0x0000000710800000| Complete 
| 247|0x0000000710900000, 0x0000000710a00000, 0x0000000710a00000|100%| E|CS|TAMS 0x0000000710900000, 0x0000000710900000| Complete 
| 248|0x0000000710a00000, 0x0000000710b00000, 0x0000000710b00000|100%| E|CS|TAMS 0x0000000710a00000, 0x0000000710a00000| Complete 
| 249|0x0000000710b00000, 0x0000000710c00000, 0x0000000710c00000|100%| E|CS|TAMS 0x0000000710b00000, 0x0000000710b00000| Complete 
| 250|0x0000000710c00000, 0x0000000710d00000, 0x0000000710d00000|100%| E|CS|TAMS 0x0000000710c00000, 0x0000000710c00000| Complete 
| 251|0x0000000710d00000, 0x0000000710e00000, 0x0000000710e00000|100%| E|CS|TAMS 0x0000000710d00000, 0x0000000710d00000| Complete 
| 252|0x0000000710e00000, 0x0000000710f00000, 0x0000000710f00000|100%| E|CS|TAMS 0x0000000710e00000, 0x0000000710e00000| Complete 
| 253|0x0000000710f00000, 0x0000000711000000, 0x0000000711000000|100%| E|CS|TAMS 0x0000000710f00000, 0x0000000710f00000| Complete 
| 254|0x0000000711000000, 0x0000000711100000, 0x0000000711100000|100%| E|CS|TAMS 0x0000000711000000, 0x0000000711000000| Complete 
| 255|0x0000000711100000, 0x0000000711200000, 0x0000000711200000|100%| E|CS|TAMS 0x0000000711100000, 0x0000000711100000| Complete 

Card table byte_map: [0x000001b2d6cb0000,0x000001b2d74b0000] _byte_map_base: 0x000001b2d34a7000

Marking Bits (Prev, Next): (CMBitMap*) 0x000001b2bfb3e220, (CMBitMap*) 0x000001b2bfb3e1e8
 Prev Bits: [0x000001b2dbc70000, 0x000001b2dfc28000)
 Next Bits: [0x000001b2d7cb0000, 0x000001b2dbc68000)

Polling page: 0x000001b2bd8e0000

Metaspace:

Usage:
  Non-class:     73.66 MB capacity,    72.36 MB ( 98%) used,     1.06 MB (  1%) free+waste,   252.94 KB ( <1%) overhead. 
      Class:     11.18 MB capacity,    10.35 MB ( 93%) used,   719.13 KB (  6%) free+waste,   124.56 KB (  1%) overhead. 
       Both:     84.84 MB capacity,    82.71 MB ( 97%) used,     1.76 MB (  2%) free+waste,   377.50 KB ( <1%) overhead. 

Virtual space:
  Non-class space:       74.00 MB reserved,      73.91 MB (>99%) committed 
      Class space:        1.00 GB reserved,      11.25 MB (  1%) committed 
             Both:        1.07 GB reserved,      85.16 MB (  8%) committed 

Chunk freelists:
   Non-Class:  0 bytes
       Class:  1.25 KB
        Both:  1.25 KB

CodeHeap 'non-profiled nmethods': size=238336Kb used=20943Kb max_used=20943Kb free=217392Kb
 bounds [0x000001b2c78b0000, 0x000001b2c8d30000, 0x000001b2d6170000]
CodeHeap 'non-nmethods': size=7424Kb used=1355Kb max_used=1355Kb free=6068Kb
 bounds [0x000001b2c7170000, 0x000001b2c73e0000, 0x000001b2c78b0000]
 total_blobs=13453 nmethods=12681 adapters=695
 compilation: enabled
              stopped_count=0, restarted_count=0
 full_count=0

Compilation events (10 events):
Event: 26224.538 Thread 0x000001b2e30dc000 12680       1       com.alibaba.nacos.shaded.io.grpc.netty.shaded.io.netty.buffer.PoolThreadCache$MemoryRegionCache$Entry::recycle (28 bytes)
Event: 26224.538 Thread 0x000001b2e30dc000 nmethod 12680 0x000001b2c8d22910 code [0x000001b2c8d22aa0, 0x000001b2c8d22be8]
Event: 26294.662 Thread 0x000001b2e30dc000 12681       1       com.alibaba.nacos.shaded.io.grpc.netty.shaded.io.netty.buffer.WrappedByteBuf::isReadable (8 bytes)
Event: 26294.662 Thread 0x000001b2e30dc000 nmethod 12681 0x000001b2c8d22c90 code [0x000001b2c8d22e20, 0x000001b2c8d22f08]
Event: 26394.814 Thread 0x000001b2e30dc000 12682       1       com.alibaba.nacos.shaded.io.grpc.netty.shaded.io.netty.buffer.SimpleLeakAwareByteBuf::<init> (32 bytes)
Event: 26394.814 Thread 0x000001b2e30dc000 nmethod 12682 0x000001b2c8d22f90 code [0x000001b2c8d23180, 0x000001b2c8d23628]
Event: 26782.495 Thread 0x000001b2e30dc000 12683       1       io.netty.buffer.WrappedByteBuf::writeByte (11 bytes)
Event: 26782.495 Thread 0x000001b2e30dc000 nmethod 12683 0x000001b2c8d23810 code [0x000001b2c8d239a0, 0x000001b2c8d23a88]
Event: 26782.495 Thread 0x000001b2e30dc000 12684       1       io.netty.buffer.WrappedByteBuf::writeCharSequence (10 bytes)
Event: 26782.495 Thread 0x000001b2e30dc000 nmethod 12684 0x000001b2c8d23b10 code [0x000001b2c8d23ca0, 0x000001b2c8d23d88]

GC Heap History (10 events):
Event: 20833.516 GC heap before
{Heap before GC invocations=26 (full 0):
 garbage-first heap   total 262144K, used 202322K [0x0000000701200000, 0x0000000800000000)
  region size 1024K, 153 young (156672K), 9 survivors (9216K)
 Metaspace       used 84510K, capacity 86661K, committed 86948K, reserved 1124352K
  class space    used 10600K, capacity 11442K, committed 11520K, reserved 1048576K
}
Event: 20833.520 GC heap after
{Heap after GC invocations=27 (full 0):
 garbage-first heap   total 262144K, used 54875K [0x0000000701200000, 0x0000000800000000)
  region size 1024K, 9 young (9216K), 9 survivors (9216K)
 Metaspace       used 84510K, capacity 86661K, committed 86948K, reserved 1124352K
  class space    used 10600K, capacity 11442K, committed 11520K, reserved 1048576K
}
Event: 22370.190 GC heap before
{Heap before GC invocations=27 (full 0):
 garbage-first heap   total 262144K, used 202331K [0x0000000701200000, 0x0000000800000000)
  region size 1024K, 153 young (156672K), 9 survivors (9216K)
 Metaspace       used 84510K, capacity 86661K, committed 86948K, reserved 1124352K
  class space    used 10600K, capacity 11442K, committed 11520K, reserved 1048576K
}
Event: 22370.195 GC heap after
{Heap after GC invocations=28 (full 0):
 garbage-first heap   total 262144K, used 54678K [0x0000000701200000, 0x0000000800000000)
  region size 1024K, 9 young (9216K), 9 survivors (9216K)
 Metaspace       used 84510K, capacity 86661K, committed 86948K, reserved 1124352K
  class space    used 10600K, capacity 11442K, committed 11520K, reserved 1048576K
}
Event: 23816.156 GC heap before
{Heap before GC invocations=28 (full 0):
 garbage-first heap   total 262144K, used 201110K [0x0000000701200000, 0x0000000800000000)
  region size 1024K, 153 young (156672K), 9 survivors (9216K)
 Metaspace       used 84513K, capacity 86661K, committed 86948K, reserved 1124352K
  class space    used 10600K, capacity 11442K, committed 11520K, reserved 1048576K
}
Event: 23816.163 GC heap after
{Heap after GC invocations=29 (full 0):
 garbage-first heap   total 262144K, used 54868K [0x0000000701200000, 0x0000000800000000)
  region size 1024K, 9 young (9216K), 9 survivors (9216K)
 Metaspace       used 84513K, capacity 86661K, committed 86948K, reserved 1124352K
  class space    used 10600K, capacity 11442K, committed 11520K, reserved 1048576K
}
Event: 25226.709 GC heap before
{Heap before GC invocations=29 (full 0):
 garbage-first heap   total 262144K, used 202324K [0x0000000701200000, 0x0000000800000000)
  region size 1024K, 153 young (156672K), 9 survivors (9216K)
 Metaspace       used 84698K, capacity 86878K, committed 87204K, reserved 1124352K
  class space    used 10602K, capacity 11446K, committed 11520K, reserved 1048576K
}
Event: 25226.715 GC heap after
{Heap after GC invocations=30 (full 0):
 garbage-first heap   total 262144K, used 54677K [0x0000000701200000, 0x0000000800000000)
  region size 1024K, 9 young (9216K), 9 survivors (9216K)
 Metaspace       used 84698K, capacity 86878K, committed 87204K, reserved 1124352K
  class space    used 10602K, capacity 11446K, committed 11520K, reserved 1048576K
}
Event: 26750.600 GC heap before
{Heap before GC invocations=30 (full 0):
 garbage-first heap   total 262144K, used 202133K [0x0000000701200000, 0x0000000800000000)
  region size 1024K, 153 young (156672K), 9 survivors (9216K)
 Metaspace       used 84699K, capacity 86878K, committed 87204K, reserved 1124352K
  class space    used 10602K, capacity 11446K, committed 11520K, reserved 1048576K
}
Event: 26750.621 GC heap after
{Heap after GC invocations=31 (full 0):
 garbage-first heap   total 262144K, used 55177K [0x0000000701200000, 0x0000000800000000)
  region size 1024K, 8 young (8192K), 8 survivors (8192K)
 Metaspace       used 84699K, capacity 86878K, committed 87204K, reserved 1124352K
  class space    used 10602K, capacity 11446K, committed 11520K, reserved 1048576K
}

Deoptimization events (0 events):
No events

Classes redefined (0 events):
No events

Internal exceptions (10 events):
Event: 27369.089 Thread 0x000001b2e946d800 Exception <a 'java/io/FileNotFoundException'{0x000000070da28668}> (0x000000070da28668) thrown at [./open/src/hotspot/share/prims/jni.cpp, line 611]
Event: 27369.090 Thread 0x000001b2e946d800 Exception <a 'java/io/FileNotFoundException'{0x000000070da28df8}> (0x000000070da28df8) thrown at [./open/src/hotspot/share/prims/jni.cpp, line 611]
Event: 27379.094 Thread 0x000001b2e946d800 Exception <a 'java/io/FileNotFoundException'{0x000000070d7036e0}> (0x000000070d7036e0) thrown at [./open/src/hotspot/share/prims/jni.cpp, line 611]
Event: 27379.094 Thread 0x000001b2e946d800 Exception <a 'java/io/FileNotFoundException'{0x000000070d703e70}> (0x000000070d703e70) thrown at [./open/src/hotspot/share/prims/jni.cpp, line 611]
Event: 27389.106 Thread 0x000001b2e946d800 Exception <a 'java/io/FileNotFoundException'{0x000000070d70c3e8}> (0x000000070d70c3e8) thrown at [./open/src/hotspot/share/prims/jni.cpp, line 611]
Event: 27389.106 Thread 0x000001b2e946d800 Exception <a 'java/io/FileNotFoundException'{0x000000070d70cb78}> (0x000000070d70cb78) thrown at [./open/src/hotspot/share/prims/jni.cpp, line 611]
Event: 27399.110 Thread 0x000001b2e946d800 Exception <a 'java/io/FileNotFoundException'{0x000000070d7150f0}> (0x000000070d7150f0) thrown at [./open/src/hotspot/share/prims/jni.cpp, line 611]
Event: 27399.110 Thread 0x000001b2e946d800 Exception <a 'java/io/FileNotFoundException'{0x000000070d715880}> (0x000000070d715880) thrown at [./open/src/hotspot/share/prims/jni.cpp, line 611]
Event: 27409.117 Thread 0x000001b2e946d800 Exception <a 'java/io/FileNotFoundException'{0x000000070d5a2bb8}> (0x000000070d5a2bb8) thrown at [./open/src/hotspot/share/prims/jni.cpp, line 611]
Event: 27409.117 Thread 0x000001b2e946d800 Exception <a 'java/io/FileNotFoundException'{0x000000070d5a3348}> (0x000000070d5a3348) thrown at [./open/src/hotspot/share/prims/jni.cpp, line 611]

Events (10 events):
Event: 27411.987 Executing VM operation: RevokeBias done
Event: 27411.987 Thread 0x000001b2e91ab800 Thread added: 0x000001b2e91ab800
Event: 27415.504 Executing VM operation: RevokeBias
Event: 27415.504 Executing VM operation: RevokeBias done
Event: 27415.504 Executing VM operation: RevokeBias
Event: 27415.504 Executing VM operation: RevokeBias done
Event: 27416.990 Thread 0x000001b2e91ae000 Thread exited: 0x000001b2e91ae000
Event: 27416.991 Executing VM operation: RevokeBias
Event: 27416.992 Executing VM operation: RevokeBias done
Event: 27416.992 Executing VM operation: BulkRevokeBias


Dynamic libraries:
0x00007ff7d9f60000 - 0x00007ff7d9f6f000 	D:\env\java\jdk11\jdk-11.0.15\bin\java.exe
0x00007fff21d90000 - 0x00007fff21f87000 	C:\WINDOWS\SYSTEM32\ntdll.dll
0x00007fff1fea0000 - 0x00007fff1ff5d000 	C:\WINDOWS\System32\KERNEL32.DLL
0x00007fff1faf0000 - 0x00007fff1fdbd000 	C:\WINDOWS\System32\KERNELBASE.dll
0x00007fff1f9f0000 - 0x00007fff1faf0000 	C:\WINDOWS\System32\ucrtbase.dll
0x00007fff075a0000 - 0x00007fff075b8000 	D:\env\java\jdk11\jdk-11.0.15\bin\jli.dll
0x00007ffef12c0000 - 0x00007ffef12d5000 	D:\env\java\jdk11\jdk-11.0.15\bin\VCRUNTIME140.dll
0x00007fff204c0000 - 0x00007fff2056e000 	C:\WINDOWS\System32\ADVAPI32.dll
0x00007fff20dd0000 - 0x00007fff20e6e000 	C:\WINDOWS\System32\msvcrt.dll
0x00007fff1fff0000 - 0x00007fff2008c000 	C:\WINDOWS\System32\sechost.dll
0x00007fff20ed0000 - 0x00007fff20ff5000 	C:\WINDOWS\System32\RPCRT4.dll
0x00007fff20c30000 - 0x00007fff20dd0000 	C:\WINDOWS\System32\USER32.dll
0x00007fff1fdc0000 - 0x00007fff1fde2000 	C:\WINDOWS\System32\win32u.dll
0x00007fff20240000 - 0x00007fff2026a000 	C:\WINDOWS\System32\GDI32.dll
0x00007fff1f4b0000 - 0x00007fff1f5bb000 	C:\WINDOWS\System32\gdi32full.dll
0x00007fff1f950000 - 0x00007fff1f9ed000 	C:\WINDOWS\System32\msvcp_win.dll
0x00007fff096d0000 - 0x00007fff0996a000 	C:\WINDOWS\WinSxS\amd64_microsoft.windows.common-controls_6595b64144ccf1df_6.0.19041.1110_none_60b5254171f9507e\COMCTL32.dll
0x00007fff15e40000 - 0x00007fff15e4a000 	C:\WINDOWS\SYSTEM32\VERSION.dll
0x00007fff1fdf0000 - 0x00007fff1fe20000 	C:\WINDOWS\System32\IMM32.DLL
0x00007ffee2f50000 - 0x00007ffee2feb000 	D:\env\java\jdk11\jdk-11.0.15\bin\msvcp140.dll
0x00007ffec52c0000 - 0x00007ffec5dd6000 	D:\env\java\jdk11\jdk-11.0.15\bin\server\jvm.dll
0x00007fff21d40000 - 0x00007fff21d48000 	C:\WINDOWS\System32\PSAPI.DLL
0x00007fff13e80000 - 0x00007fff13ea7000 	C:\WINDOWS\SYSTEM32\WINMM.dll
0x00007fff18940000 - 0x00007fff18949000 	C:\WINDOWS\SYSTEM32\WSOCK32.dll
0x00007fff21480000 - 0x00007fff214eb000 	C:\WINDOWS\System32\WS2_32.dll
0x00007fff1dd20000 - 0x00007fff1dd32000 	C:\WINDOWS\SYSTEM32\kernel.appcore.dll
0x00007fff07590000 - 0x00007fff075a0000 	D:\env\java\jdk11\jdk-11.0.15\bin\verify.dll
0x00007fff1da40000 - 0x00007fff1dc24000 	C:\WINDOWS\SYSTEM32\DBGHELP.DLL
0x00007fff10ba0000 - 0x00007fff10bcc000 	C:\WINDOWS\SYSTEM32\dbgcore.DLL
0x00007fff1f8c0000 - 0x00007fff1f942000 	C:\WINDOWS\System32\bcryptPrimitives.dll
0x00007ffef1290000 - 0x00007ffef12b8000 	D:\env\java\jdk11\jdk-11.0.15\bin\java.dll
0x00007fff07520000 - 0x00007fff0752a000 	D:\env\java\jdk11\jdk-11.0.15\bin\jimage.dll
0x00007fff1a310000 - 0x00007fff1a31e000 	D:\env\java\jdk11\jdk-11.0.15\bin\instrument.dll
0x00007ffef1270000 - 0x00007ffef1286000 	D:\env\java\jdk11\jdk-11.0.15\bin\zip.dll
0x00007fff214f0000 - 0x00007fff21c34000 	C:\WINDOWS\System32\SHELL32.dll
0x00007fff1d1d0000 - 0x00007fff1d964000 	C:\WINDOWS\SYSTEM32\windows.storage.dll
0x00007fff208d0000 - 0x00007fff20c24000 	C:\WINDOWS\System32\combase.dll
0x00007fff1ef10000 - 0x00007fff1ef3c000 	C:\WINDOWS\SYSTEM32\Wldp.dll
0x00007fff206a0000 - 0x00007fff2074d000 	C:\WINDOWS\System32\SHCORE.dll
0x00007fff20460000 - 0x00007fff204b5000 	C:\WINDOWS\System32\shlwapi.dll
0x00007fff1f3f0000 - 0x00007fff1f40f000 	C:\WINDOWS\SYSTEM32\profapi.dll
0x00007fff08fe0000 - 0x00007fff08ff9000 	D:\env\java\jdk11\jdk-11.0.15\bin\net.dll
0x00007fff13330000 - 0x00007fff1343a000 	C:\WINDOWS\SYSTEM32\WINHTTP.dll
0x00007fff1ec70000 - 0x00007fff1ecda000 	C:\WINDOWS\system32\mswsock.dll
0x00007ffef6b00000 - 0x00007ffef6b12000 	D:\env\java\jdk11\jdk-11.0.15\bin\nio.dll
0x00007fff18de0000 - 0x00007fff18dfa000 	D:\Program Files (x86)\Web2020\ideaIU-2020.2.1\ideaIU-2020.2.1\bin\breakgen64.dll
0x00007fff1e950000 - 0x00007fff1ea1b000 	C:\WINDOWS\SYSTEM32\DNSAPI.dll
0x00007fff1e910000 - 0x00007fff1e94b000 	C:\WINDOWS\SYSTEM32\IPHLPAPI.DLL
0x00007fff21000000 - 0x00007fff21008000 	C:\WINDOWS\System32\NSI.dll
0x000000006fb30000 - 0x000000006fb56000 	C:\Program Files\Bonjour\mdnsNSP.dll
0x00007fff16c10000 - 0x00007fff16c1a000 	C:\Windows\System32\rasadhlp.dll
0x00007fff12b10000 - 0x00007fff12b90000 	C:\WINDOWS\System32\fwpuclnt.dll
0x00007fff1f770000 - 0x00007fff1f797000 	C:\WINDOWS\System32\bcrypt.dll
0x00007fff13df0000 - 0x00007fff13df9000 	D:\env\java\jdk11\jdk-11.0.15\bin\management.dll
0x00007fff13de0000 - 0x00007fff13deb000 	D:\env\java\jdk11\jdk-11.0.15\bin\management_ext.dll
0x00007fff1ee60000 - 0x00007fff1ee78000 	C:\WINDOWS\SYSTEM32\CRYPTSP.dll
0x00007fff1e580000 - 0x00007fff1e5b4000 	C:\WINDOWS\system32\rsaenh.dll
0x00007fff1f370000 - 0x00007fff1f39e000 	C:\WINDOWS\SYSTEM32\USERENV.dll
0x00007fff1ee80000 - 0x00007fff1ee8c000 	C:\WINDOWS\SYSTEM32\CRYPTBASE.dll
0x00007fff16b50000 - 0x00007fff16b67000 	C:\WINDOWS\SYSTEM32\dhcpcsvc6.DLL
0x00007fff16af0000 - 0x00007fff16b0d000 	C:\WINDOWS\SYSTEM32\dhcpcsvc.DLL
0x00007ffeff580000 - 0x00007ffeff597000 	C:\WINDOWS\system32\napinsp.dll
0x00007ffeff560000 - 0x00007ffeff57b000 	C:\WINDOWS\system32\pnrpnsp.dll
0x00007fff196f0000 - 0x00007fff19705000 	C:\WINDOWS\system32\wshbth.dll
0x00007fff1a1a0000 - 0x00007fff1a1bd000 	C:\WINDOWS\system32\NLAapi.dll
0x00007ffeff490000 - 0x00007ffeff4a2000 	C:\WINDOWS\System32\winrnr.dll
0x00007fff18f50000 - 0x00007fff18f5d000 	D:\env\java\jdk11\jdk-11.0.15\bin\sunmscapi.dll
0x00007fff1f5c0000 - 0x00007fff1f716000 	C:\WINDOWS\System32\CRYPT32.dll
0x00007fff1ef80000 - 0x00007fff1efa7000 	C:\WINDOWS\SYSTEM32\ncrypt.dll
0x00007fff1ef40000 - 0x00007fff1ef7b000 	C:\WINDOWS\SYSTEM32\NTASN1.dll
0x00007ffedcb00000 - 0x00007ffedcb25000 	D:\env\java\jdk11\jdk-11.0.15\bin\sunec.dll

dbghelp: loaded successfully - version: 4.0.5 - missing functions: none
symbol engine: initialized successfully - sym options: 0x614 - pdb path: .;D:\env\java\jdk11\jdk-11.0.15\bin;C:\WINDOWS\SYSTEM32;C:\WINDOWS\WinSxS\amd64_microsoft.windows.common-controls_6595b64144ccf1df_6.0.19041.1110_none_60b5254171f9507e;D:\env\java\jdk11\jdk-11.0.15\bin\server;D:\Program Files (x86)\Web2020\ideaIU-2020.2.1\ideaIU-2020.2.1\bin;C:\Program Files\Bonjour

VM Arguments:
jvm_args: -XX:TieredStopAtLevel=1 -Xverify:none -Dspring.output.ansi.enabled=always -Dcom.sun.management.jmxremote -Dspring.jmx.enabled=true -Dspring.liveBeansView.mbeanDomain -Dspring.application.admin.enabled=true -javaagent:D:\Program Files (x86)\Web2020\ideaIU-2020.2.1\ideaIU-2020.2.1\lib\idea_rt.jar=65076:D:\Program Files (x86)\Web2020\ideaIU-2020.2.1\ideaIU-2020.2.1\bin -Dfile.encoding=UTF-8 
java_command: com.grouptwo.isrp.IsrpUserApplication
java_class_path (initial): D:\PersonalFiles\ISRP\isrp\isrp_user\target\classes;D:\PersonalFiles\ISRP\isrp\isrp_common\target\classes;D:\PersonalFiles\ISRP\isrp\isrp_feign_api\target\classes;C:\Users\11842\.m2\repository\org\springframework\cloud\spring-cloud-starter-openfeign\2.2.9.RELEASE\spring-cloud-starter-openfeign-2.2.9.RELEASE.jar;C:\Users\11842\.m2\repository\org\springframework\cloud\spring-cloud-openfeign-core\2.2.9.RELEASE\spring-cloud-openfeign-core-2.2.9.RELEASE.jar;C:\Users\11842\.m2\repository\io\github\openfeign\form\feign-form-spring\3.8.0\feign-form-spring-3.8.0.jar;C:\Users\11842\.m2\repository\io\github\openfeign\form\feign-form\3.8.0\feign-form-3.8.0.jar;C:\Users\11842\.m2\repository\commons-fileupload\commons-fileupload\1.4\commons-fileupload-1.4.jar;C:\Users\11842\.m2\repository\commons-io\commons-io\2.2\commons-io-2.2.jar;C:\Users\11842\.m2\repository\io\github\openfeign\feign-core\10.12\feign-core-10.12.jar;C:\Users\11842\.m2\repository\io\github\openfeign\feign-slf4j\10.12\feign-slf4j-10.12.jar;C:\Users\11842\.m2\repository\io\github\openfeign\feign-hystrix\10.12\feign-hystrix-10.12.jar;C:\Users\11842\.m2\repository\io\github\openfeign\feign-httpclient\10.12\feign-httpclient-10.12.jar;C:\Users\11842\.m2\repository\org\apache\httpcomponents\httpclient\4.5.13\httpclient-4.5.13.jar;C:\Users\11842\.m2\repository\org\redisson\redisson\3.13.6\redisson-3.13.6.jar;C:\Users\11842\.m2\repository\io\netty\netty-common\4.1.55.Final\netty-common-4.1.55.Final.jar;C:\Users\11842\.m2\repository\io\netty\netty-codec\4.1.55.Final\netty-codec-4.1.55.Final.jar;C:\Users\11842\.m2\repository\io\netty\netty-buffer\4.1.55.Final\netty-buffer-4.1.55.Final.jar;C:\Users\11842\.m2\repository\io\netty\netty-transport\4.1.55.Final\netty-transport-4.1.55.Final.jar;C:\Users\11842\.m2\repository\io\netty\netty-resolver\4.1.55.Final\netty-resolver-4.1.55.Final.jar;C:\Users\11842\.m2\repository\io\netty\netty-resolver-dns\4.1.55.Final\netty-resolver-dns-4.1.55.Final.jar;C:\
Launcher Type: SUN_STANDARD

[Global flags]
     bool BytecodeVerificationLocal                = false                                     {product} {command line}
     bool BytecodeVerificationRemote               = false                                     {product} {command line}
     intx CICompilerCount                          = 4                                         {product} {ergonomic}
     uint ConcGCThreads                            = 2                                         {product} {ergonomic}
     uint G1ConcRefinementThreads                  = 8                                         {product} {ergonomic}
   size_t G1HeapRegionSize                         = 1048576                                   {product} {ergonomic}
    uintx GCDrainStackTargetSize                   = 64                                        {product} {ergonomic}
   size_t InitialHeapSize                          = 268435456                                 {product} {ergonomic}
     bool ManagementServer                         = true                                      {product} {command line}
   size_t MarkStackSize                            = 4194304                                   {product} {ergonomic}
   size_t MaxHeapSize                              = 4276092928                                {product} {ergonomic}
   size_t MaxNewSize                               = 2564816896                                {product} {ergonomic}
   size_t MinHeapDeltaBytes                        = 1048576                                   {product} {ergonomic}
    uintx NonNMethodCodeHeapSize                   = 7549744                                {pd product} {ergonomic}
    uintx NonProfiledCodeHeapSize                  = 244108496                              {pd product} {ergonomic}
    uintx ProfiledCodeHeapSize                     = 0                                      {pd product} {ergonomic}
    uintx ReservedCodeCacheSize                    = 251658240                              {pd product} {ergonomic}
     bool SegmentedCodeCache                       = true                                      {product} {ergonomic}
     intx TieredStopAtLevel                        = 1                                         {product} {command line}
     bool UseCompressedClassPointers               = true                                 {lp64_product} {ergonomic}
     bool UseCompressedOops                        = true                                 {lp64_product} {ergonomic}
     bool UseG1GC                                  = true                                      {product} {ergonomic}
     bool UseLargePagesIndividualAllocation        = false                                  {pd product} {ergonomic}

Logging:
Log output configuration:
 #0: stdout all=warning uptime,level,tags
 #1: stderr all=off uptime,level,tags

Environment Variables:
JAVA_HOME=D:\env\java\jdk11\jdk-11.0.15
PATH=D:\py\Scripts\;D:\py\;D:\Program Files (x86)\Secure\;C:\ProgramData\Oracle\Java\javapath;C:\Windows\system32;C:\Windows;C:\Windows\System32\Wbem;"C:\Windows\System32\WindowsPowerShell\v1.0\;D:\env\java\jdk11\jdk-11.0.15;%JRE_HOME%";C:\Windows\System32\OpenSSH\;C:\Program Files (x86)\NVIDIA Corporation\PhysX\Common;C:\Program Files\NVIDIA Corporation\NVIDIA NGX;C:\Program Files\NVIDIA Corporation\NVIDIA NvDLISR;C:\WINDOWS\system32;C:\WINDOWS;C:\WINDOWS\System32\Wbem;C:\WINDOWS\System32\WindowsPowerShell\v1.0\;C:\WINDOWS\System32\OpenSSH\;D:\adt-bundle-windows-x86_64-20140321\sdk\platform-tools;D:\Program Files (x86)\Microsoft SQL Server\110\Tools\Binn\;D:\Program Files (x86)\Microsoft SQL Server000\110\Tools\Binn\;D:\Program Files (x86)\Microsoft SQL Server\110\DTS\Binn\;D:\Program Files (x86)\Microsoft SQL Server000\110\Tools\Binn\ManagementStudio\;C:\Program Files (x86)\Microsoft Visual Studio 10.0\Common7\IDE\PrivateAssemblies\;D:\Program Files (x86)\Microsoft SQL Server000\110\DTS\Binn\;D:\Program Files (x86)\Web2020\tomcat90\tomcat90\lib\sevlet-api.jar;D:\Program Files (x86)\Git\cmd;D:\Program Files (x86)\Git\mingw64\bin;D:\Program Files (x86)\Git\usr\bin;C:\Program Files\MySQL\MySQL Server 5.5\bin;D:\env\mysql8.0.21\bin;D:\env\nodejs\node-v16.15.1-win-x64;D:\env\java\jdk11\jdk-11.0.15\bin;C:\Program Files\Java\jre1.8.0_91\bin;C:\Program Files\Java\jdk1.8.0_91\bin;C:\Users\11842\.m2\wrapper\dists\apache-maven-3.8.1-bin\2l5mhf2pq2clrde7f7qp1rdt5m\apache-maven-3.8.1\bin;D:\adt-bundle-windows-x86_64-20140321\sdk\tools;D:\adt-bundle-windows-x86_64-20140321\sdk\build-tools\android-4.4W;D:\Anaconda\Graphviz\bin\dot.exe;C:\Users\11842\AppData\Local\Microsoft\WindowsApps;C:\Users\11842\AppData\Local\GitHubDesktop\bin;D:\VSCode\Microsoft VS Code\bin;D:\Program Files (x86)\WebStorm 2020.3.3\bin;;D:\Program Files (x86)\DataGrip 2020.1\bin;;D:\Program Files (x86)\PyCharm 2019.2.5\bin;;C:\Users\11842\AppData\Roaming\npm;D:\Anaconda\Graphviz\bin;
USERNAME=11842
OS=Windows_NT
PROCESSOR_IDENTIFIER=Intel64 Family 6 Model 158 Stepping 10, GenuineIntel



---------------  S Y S T E M  ---------------

OS: Windows 10 , 64 bit Build 19041 (10.0.19041.1741)

CPU:total 8 (initial active 8) (4 cores per cpu, 2 threads per core) family 6 model 158 stepping 10 microcode 0xb4, cmov, cx8, fxsr, mmx, sse, sse2, sse3, ssse3, sse4.1, sse4.2, popcnt, avx, avx2, aes, clmul, erms, 3dnowpref, lzcnt, ht, tsc, tscinvbit, bmi1, bmi2, adx, fma

Memory: 4k page, system-wide physical 16304M (1527M free)
TotalPageFile size 29104M (AvailPageFile size 9M)
current process WorkingSet (physical memory assigned to process): 253M, peak: 804M
current process commit charge ("private bytes"): 899M, peak: 903M

vm_info: Java HotSpot(TM) 64-Bit Server VM (11.0.15+8-LTS-149) for windows-amd64 JRE (11.0.15+8-LTS-149), built on Mar  9 2022 22:42:32 by "mach5one" with MS VC++ 15.9 (VS2017)

END.
